  Loader.cpp
c:\users\fliamejias\desktop\icg--proyecto2\src\sceneelement.h(234): warning C4267: 'initializing': conversion from 'size_t' to 'int', possible loss of data
c:\users\fliamejias\desktop\icg--proyecto2\src\sceneelement.h(495): warning C4267: 'argument': conversion from 'size_t' to 'GLsizei', possible loss of data
c:\users\fliamejias\desktop\icg--proyecto2\src\sceneelement.h(501): warning C4267: 'argument': conversion from 'size_t' to 'GLsizei', possible loss of data
c:\users\fliamejias\desktop\icg--proyecto2\src\sceneelement.h(510): warning C4267: 'argument': conversion from 'size_t' to 'GLsizei', possible loss of data
c:\users\fliamejias\desktop\icg--proyecto2\src\loader.cpp(26): warning C4267: 'initializing': conversion from 'size_t' to 'int', possible loss of data
c:\users\fliamejias\desktop\icg--proyecto2\src\loader.cpp(141): warning C4267: 'initializing': conversion from 'size_t' to 'int', possible loss of data
c:\users\fliamejias\desktop\icg--proyecto2\src\loader.cpp(150): warning C4267: 'initializing': conversion from 'size_t' to 'int', possible loss of data
c:\users\fliamejias\desktop\icg--proyecto2\src\loader.cpp(159): warning C4267: 'initializing': conversion from 'size_t' to 'int', possible loss of data
c:\users\fliamejias\desktop\icg--proyecto2\src\loader.cpp(165): warning C4267: 'initializing': conversion from 'size_t' to 'int', possible loss of data
  Main.cpp
c:\users\fliamejias\desktop\icg--proyecto2\src\sceneelement.h(234): warning C4267: 'initializing': conversion from 'size_t' to 'int', possible loss of data
c:\users\fliamejias\desktop\icg--proyecto2\src\sceneelement.h(495): warning C4267: 'argument': conversion from 'size_t' to 'GLsizei', possible loss of data
c:\users\fliamejias\desktop\icg--proyecto2\src\sceneelement.h(501): warning C4267: 'argument': conversion from 'size_t' to 'GLsizei', possible loss of data
c:\users\fliamejias\desktop\icg--proyecto2\src\sceneelement.h(510): warning C4267: 'argument': conversion from 'size_t' to 'GLsizei', possible loss of data
c:\users\fliamejias\desktop\icg--proyecto2\src\main.cpp(65): warning C4267: 'argument': conversion from 'size_t' to 'int', possible loss of data
  Model.cpp
c:\users\fliamejias\desktop\icg--proyecto2\src\sceneelement.h(234): warning C4267: 'initializing': conversion from 'size_t' to 'int', possible loss of data
c:\users\fliamejias\desktop\icg--proyecto2\src\sceneelement.h(495): warning C4267: 'argument': conversion from 'size_t' to 'GLsizei', possible loss of data
c:\users\fliamejias\desktop\icg--proyecto2\src\sceneelement.h(501): warning C4267: 'argument': conversion from 'size_t' to 'GLsizei', possible loss of data
c:\users\fliamejias\desktop\icg--proyecto2\src\sceneelement.h(510): warning C4267: 'argument': conversion from 'size_t' to 'GLsizei', possible loss of data
  UserInterface.cpp
c:\users\fliamejias\desktop\icg--proyecto2\src\sceneelement.h(234): warning C4267: 'initializing': conversion from 'size_t' to 'int', possible loss of data
c:\users\fliamejias\desktop\icg--proyecto2\src\sceneelement.h(495): warning C4267: 'argument': conversion from 'size_t' to 'GLsizei', possible loss of data
c:\users\fliamejias\desktop\icg--proyecto2\src\sceneelement.h(501): warning C4267: 'argument': conversion from 'size_t' to 'GLsizei', possible loss of data
c:\users\fliamejias\desktop\icg--proyecto2\src\sceneelement.h(510): warning C4267: 'argument': conversion from 'size_t' to 'GLsizei', possible loss of data
  Generating Code...
c:\users\fliamejias\desktop\icg--proyecto2\src\sceneelement.h(131): warning C4715: 'Material::GetMaterial': not all control paths return a value
LINK : fatal error LNK1104: cannot open file 'AntTweakBar64.lib'
